{"D:\\React\\rtl-training-session-start-webpack-babel\\src\\App.js": {"path":"D:\\React\\rtl-training-session-start-webpack-babel\\src\\App.js","statementMap":{"0":{"start":{"line":5,"column":4},"end":{"line":5,"column":31}}},"fnMap":{"0":{"name":"App","decl":{"start":{"line":4,"column":9},"end":{"line":4,"column":12}},"loc":{"start":{"line":4,"column":15},"end":{"line":6,"column":1}},"line":4}},"branchMap":{},"s":{"0":2},"f":{"0":2},"b":{},"_coverageSchema":"1a1c01bbd47fc00a2c39e90264f33305004495a9","hash":"7e61caae0946ef95139b75358f2749caf3aca628"}
,"D:\\React\\rtl-training-session-start-webpack-babel\\src\\components\\SimpleComponent.js": {"path":"D:\\React\\rtl-training-session-start-webpack-babel\\src\\components\\SimpleComponent.js","statementMap":{"0":{"start":{"line":4,"column":4},"end":{"line":4,"column":35}}},"fnMap":{"0":{"name":"SimpleComponent","decl":{"start":{"line":3,"column":9},"end":{"line":3,"column":24}},"loc":{"start":{"line":3,"column":27},"end":{"line":5,"column":1}},"line":3}},"branchMap":{},"s":{"0":4},"f":{"0":4},"b":{},"_coverageSchema":"1a1c01bbd47fc00a2c39e90264f33305004495a9","hash":"a5a8d6145da3f4d8c2a5b2cea7cbfd1806f9ad98"}
}
